<?xml version="1.0" encoding="UTF-8"?>
<!-- Generated by org.testng.reporters.JUnitReportReporter -->
<testsuite hostname="Nikhileshs-MacBook.local" failures="0" tests="4" name="com.ProjectSpecificLibrary.MultiBrowser" time="20.168" errors="0" timestamp="2 Apr 2018 22:08:35 GMT">
  <testcase classname="com.ProjectSpecificLibrary.MultiBrowser" name="search" time="6.306"/>
  <testcase classname="com.ProjectSpecificLibrary.MultiBrowser" name="search" time="5.931"/>
  <testcase classname="com.ProjectSpecificLibrary.MultiBrowser" name="mouseOver" time="7.555"/>
  <testcase classname="com.ProjectSpecificLibrary.MultiBrowser" name="mouseOver" time="0.376"/>
</testsuite> <!-- com.ProjectSpecificLibrary.MultiBrowser -->
