<?xml version="1.0" encoding="UTF-8"?>
<!-- Generated by org.testng.reporters.JUnitReportReporter -->
<testsuite hostname="Nikhileshs-MacBook.local" failures="0" tests="4" name="com.ProjectSpecificLibrary.LoginTest" time="28.275" errors="0" timestamp="2 Apr 2018 18:21:16 GMT">
  <testcase classname="com.ProjectSpecificLibrary.LoginTest" name="addToCart" time="5.357"/>
  <testcase classname="com.ProjectSpecificLibrary.LoginTest" name="search" time="7.648"/>
  <testcase classname="com.ProjectSpecificLibrary.LoginTest" name="addToCart" time="7.078"/>
  <testcase classname="com.ProjectSpecificLibrary.LoginTest" name="search" time="8.192"/>
</testsuite> <!-- com.ProjectSpecificLibrary.LoginTest -->
