<?xml version="1.0" encoding="UTF-8"?>
<!-- Generated by org.testng.reporters.JUnitReportReporter -->
<testsuite hostname="Nikhileshs-MacBook.local" failures="0" tests="1" name="com.ProjectSpecificLibrary.LoginTest" time="6.780" errors="0" timestamp="28 Mar 2018 03:41:05 GMT">
  <testcase classname="com.ProjectSpecificLibrary.LoginTest" name="fileLoad" time="6.780"/>
</testsuite> <!-- com.ProjectSpecificLibrary.LoginTest -->
