<?xml version="1.0" encoding="UTF-8"?>
<!-- Generated by org.testng.reporters.JUnitReportReporter -->
<testsuite hostname="Nikhileshs-MacBook.local" failures="0" tests="1" name="com.folraindia.properties.LoginTest" time="21.456" errors="0" timestamp="28 Mar 2018 01:35:28 GMT">
  <testcase classname="com.folraindia.properties.LoginTest" name="search" time="21.456"/>
</testsuite> <!-- com.folraindia.properties.LoginTest -->
